<?xml version="1.0" encoding="UTF-8"?>
<!-- Generated by org.testng.reporters.JUnitReportReporter -->
<testsuite hostname="DESKTOP-J0C4B0O" failures="0" tests="1" name="testCases.TC001_AccountRegistrationTest" time="6.478" errors="0" timestamp="2025-05-23T11:42:07 EDT" skipped="0">
  <testcase classname="testCases.TC001_AccountRegistrationTest" name="verify_account_registration" time="6.478"/>
</testsuite> <!-- testCases.TC001_AccountRegistrationTest -->
